<?xml version="1.0" encoding="UTF-8"?>
<!-- Generated by org.testng.reporters.JUnitXMLReporter -->
<testsuite ignored="0" hostname="LAPTOP-99ECVK8O" failures="0" tests="6" name="Command line test" time="4.066" errors="0" timestamp="2022-02-05T18:46:33 GMT+01:00">
  <testcase classname="JPASessionUtilTest" name="getEntityManager" time="3.005"/>
  <testcase classname="JPASessionUtilTest" name="getSession" time="0.154"/>
  <testcase classname="JPASessionUtilTest" name="nonexistentEntityManagerName" time="0.008"/>
  <testcase classname="JPASessionUtilTest" name="nonexistentSessionName" time="0.007"/>
  <testcase classname="JPASessionUtilTest" name="testEntityManager" time="0.55"/>
  <testcase classname="JPASessionUtilTest" name="testSession" time="0.287"/>
</testsuite> <!-- Command line test -->
